Arguments: 
  /usr/local/bin/node /Users/gaowujun/.yarn/releases/yarn-1.19.0.cjs

PATH: 
  /usr/local/Cellar/yarn/1.22.10/bin:/usr/local/mysql/bin:/usr/local/Cellar/mongodb@3.4/3.4.18/bin:/Users/gaowujun/work/flutter/bin:/Library/Frameworks/Python.framework/Versions/3.9/bin:/usr/local/bin:/usr/bin:/bin:/usr/sbin:/sbin:/Library/Frameworks/Mono.framework/Versions/Current/Commands:/usr/local/Cellar/yarn/1.22.10/bin:/usr/local/mysql/bin:/usr/local/Cellar/mongodb@3.4/3.4.18/bin:/Users/gaowujun/work/flutter/bin:/Library/Frameworks/Python.framework/Versions/3.9/bin:/Library/Frameworks/Mono.framework/Versions/Current/Commands}}

Yarn version: 
  1.19.0

Node version: 
  14.17.3

Platform: 
  darwin x64

Trace: 
  SyntaxError: /Users/gaowujun/work/winex/vuepress-plugin-material/package.json: Unexpected token } in JSON at position 1419
      at JSON.parse (<anonymous>)
      at /Users/gaowujun/.yarn/releases/yarn-1.19.0.cjs:1098:57
      at Generator.next (<anonymous>)
      at step (/Users/gaowujun/.yarn/releases/yarn-1.19.0.cjs:310:30)
      at /Users/gaowujun/.yarn/releases/yarn-1.19.0.cjs:321:13

npm manifest: 
  {
    "private": true,
    "name": "@winfe/vuepress-plugin-material",
    "version": "0.0.1",
    "description": "material docs vuepress plugin",
    "files": [
      "lib"
    ],
    "workspaces": [
      "packages/*"
    ],
    "engines": {
      "node": ">=12.0.0"
    },
    "scripts": {
      "bootstrap": "lerna clean -y && lerna bootstrap",
      "build": "father-build",
      "clean": "lerna clean -y",
      "publish": "node ./scripts/release.js",
      "test": "jest"
    },
    "dependencies": {
    },
    "devDependencies": {
      "@babel/eslint-parser": "7.13.14",
      "@commitlint/cli": "^8.3.5",
      "@commitlint/config-conventional": "^8.3.4",
      "@types/jest": "^26.0.23",
      "@typescript-eslint/eslint-plugin": "4.22.1",
      "@typescript-eslint/parser": "4.22.1",
      "@winfe/eslint-config-winex": "0.0.11",
      "babel-eslint": "10.1.0",
      "conventional-changelog-cli": "^2.0.31",
      "eslint": "7.25.0",
      "eslint-config-airbnb-base": "14.2.1",
      "eslint-config-prettier": "8.3.0",
      "eslint-plugin-import": "2.22.1",
      "eslint-plugin-node": "11.1.0",
      "eslint-plugin-prettier": "3.4.0",
      "eslint-plugin-typescript": "0.14.0",
      "father-build": "^1.18.6",
      "husky": "6.0.0",
      "jest": "^27.0.3",
      "lerna": "^3.22.1",
      "lint-staged": "11.0.0",
      "prettier": "2.3.0",
      "ts-jest": "^27.0.2",
      "typescript": "4.2.4"
    },
    "license": "MIT",
    "publishConfig": {
      "registry": "http://registry.npmjs.org/",
    }
  }

yarn manifest: 
  No manifest

Lockfile: 
  No lockfile
